mode: set
github.com/alexshd/lawtest/lawtest.go:161.30,166.2 1 1
github.com/alexshd/lawtest/lawtest.go:182.80,184.2 1 1
github.com/alexshd/lawtest/lawtest.go:194.103,197.37 2 1
github.com/alexshd/lawtest/lawtest.go:197.37,206.20 4 1
github.com/alexshd/lawtest/lawtest.go:206.20,210.4 2 0
github.com/alexshd/lawtest/lawtest.go:228.80,230.2 1 1
github.com/alexshd/lawtest/lawtest.go:233.103,236.37 2 1
github.com/alexshd/lawtest/lawtest.go:236.37,242.20 4 1
github.com/alexshd/lawtest/lawtest.go:242.20,246.4 2 0
github.com/alexshd/lawtest/lawtest.go:268.89,270.2 1 1
github.com/alexshd/lawtest/lawtest.go:273.112,276.37 2 1
github.com/alexshd/lawtest/lawtest.go:276.37,281.22 3 1
github.com/alexshd/lawtest/lawtest.go:281.22,285.4 2 0
github.com/alexshd/lawtest/lawtest.go:288.3,289.23 2 1
github.com/alexshd/lawtest/lawtest.go:289.23,293.4 2 0
github.com/alexshd/lawtest/lawtest.go:316.108,318.2 1 1
github.com/alexshd/lawtest/lawtest.go:321.127,324.37 2 1
github.com/alexshd/lawtest/lawtest.go:324.37,330.29 4 1
github.com/alexshd/lawtest/lawtest.go:330.29,334.4 2 0
github.com/alexshd/lawtest/lawtest.go:337.3,338.30 2 1
github.com/alexshd/lawtest/lawtest.go:338.30,342.4 2 0
github.com/alexshd/lawtest/lawtest.go:361.69,365.26 2 1
github.com/alexshd/lawtest/lawtest.go:365.26,373.26 5 1
github.com/alexshd/lawtest/lawtest.go:373.26,377.4 2 0
github.com/alexshd/lawtest/lawtest.go:380.2,380.69 1 1
github.com/alexshd/lawtest/lawtest.go:409.78,411.2 1 1
github.com/alexshd/lawtest/lawtest.go:414.101,417.37 2 1
github.com/alexshd/lawtest/lawtest.go:417.37,423.16 4 1
github.com/alexshd/lawtest/lawtest.go:423.16,427.4 2 0
github.com/alexshd/lawtest/lawtest.go:444.42,445.15 1 1
github.com/alexshd/lawtest/lawtest.go:445.15,446.63 1 1
github.com/alexshd/lawtest/lawtest.go:448.2,448.20 1 1
github.com/alexshd/lawtest/lawtest.go:448.20,450.3 1 1
github.com/alexshd/lawtest/lawtest.go:473.41,475.23 2 1
github.com/alexshd/lawtest/lawtest.go:475.23,477.20 2 1
github.com/alexshd/lawtest/lawtest.go:477.20,479.4 1 1
github.com/alexshd/lawtest/lawtest.go:480.3,480.19 1 1
github.com/alexshd/lawtest/lawtest.go:492.54,493.15 1 1
github.com/alexshd/lawtest/lawtest.go:493.15,494.63 1 1
github.com/alexshd/lawtest/lawtest.go:496.2,496.24 1 1
github.com/alexshd/lawtest/lawtest.go:496.24,498.3 1 1
github.com/alexshd/lawtest/lawtest.go:507.32,508.21 1 1
github.com/alexshd/lawtest/lawtest.go:508.21,510.3 1 1
github.com/alexshd/lawtest/lawtest.go:711.56,713.2 1 1
github.com/alexshd/lawtest/lawtest.go:716.79,719.44 2 1
github.com/alexshd/lawtest/lawtest.go:719.44,721.3 1 1
github.com/alexshd/lawtest/lawtest.go:723.2,723.39 1 1
github.com/alexshd/lawtest/lawtest.go:723.39,725.3 1 1
github.com/alexshd/lawtest/lawtest.go:727.2,727.38 1 1
github.com/alexshd/lawtest/lawtest.go:727.38,729.3 1 1
github.com/alexshd/lawtest/lawtest.go:731.2,731.38 1 1
github.com/alexshd/lawtest/lawtest.go:731.38,733.3 1 1
github.com/alexshd/lawtest/lawtest.go:749.58,751.2 1 1
github.com/alexshd/lawtest/lawtest.go:754.81,757.44 2 1
github.com/alexshd/lawtest/lawtest.go:757.44,759.3 1 1
github.com/alexshd/lawtest/lawtest.go:761.2,761.39 1 1
github.com/alexshd/lawtest/lawtest.go:761.39,763.3 1 1
github.com/alexshd/lawtest/lawtest.go:765.2,765.38 1 1
github.com/alexshd/lawtest/lawtest.go:765.38,767.3 1 1
github.com/alexshd/lawtest/lawtest.go:782.64,784.2 1 1
github.com/alexshd/lawtest/lawtest.go:787.87,790.44 2 1
github.com/alexshd/lawtest/lawtest.go:790.44,792.3 1 1
github.com/alexshd/lawtest/lawtest.go:794.2,794.38 1 1
github.com/alexshd/lawtest/lawtest.go:794.38,796.3 1 1
github.com/alexshd/lawtest/lawtest.go:807.71,809.2 1 1
github.com/alexshd/lawtest/lawtest.go:812.94,815.42 2 1
github.com/alexshd/lawtest/lawtest.go:815.42,817.3 1 1
github.com/alexshd/lawtest/lawtest.go:832.76,834.2 1 1
github.com/alexshd/lawtest/lawtest.go:837.99,843.49 4 1
github.com/alexshd/lawtest/lawtest.go:843.49,845.38 1 1
github.com/alexshd/lawtest/lawtest.go:845.38,858.19 8 1
github.com/alexshd/lawtest/lawtest.go:858.19,862.5 2 0
github.com/alexshd/lawtest/lawtest.go:866.2,866.48 1 1
github.com/alexshd/lawtest/lawtest.go:866.48,873.39 4 1
github.com/alexshd/lawtest/lawtest.go:873.39,876.4 1 0
github.com/alexshd/lawtest/lawtest.go:886.89,892.33 3 0
github.com/alexshd/lawtest/lawtest.go:892.33,894.3 1 0
github.com/alexshd/lawtest/lawtest.go:897.2,897.65 1 0
github.com/alexshd/lawtest/lawtest.go:897.65,899.3 1 0
github.com/alexshd/lawtest/lawtest.go:906.2,906.13 1 0
github.com/alexshd/lawtest/lawtest.go:906.13,908.3 1 0
github.com/alexshd/lawtest/lawtest.go:910.2,910.13 1 0
github.com/alexshd/lawtest/lawtest.go:910.13,912.3 1 0
github.com/alexshd/lawtest/lawtest.go:912.8,914.3 1 0
github.com/alexshd/lawtest/lawtest.go:946.102,948.2 1 1
github.com/alexshd/lawtest/lawtest.go:951.125,954.20 2 1
github.com/alexshd/lawtest/lawtest.go:954.20,956.3 1 0
github.com/alexshd/lawtest/lawtest.go:959.2,960.26 2 1
github.com/alexshd/lawtest/lawtest.go:960.26,962.3 1 1
github.com/alexshd/lawtest/lawtest.go:965.2,968.34 3 1
github.com/alexshd/lawtest/lawtest.go:968.34,969.19 1 1
github.com/alexshd/lawtest/lawtest.go:969.19,970.17 1 1
github.com/alexshd/lawtest/lawtest.go:970.17,971.33 1 1
github.com/alexshd/lawtest/lawtest.go:971.33,973.6 1 0
github.com/alexshd/lawtest/lawtest.go:974.5,974.17 1 1
github.com/alexshd/lawtest/lawtest.go:978.4,978.41 1 1
github.com/alexshd/lawtest/lawtest.go:978.41,980.5 1 1
github.com/alexshd/lawtest/lawtest.go:985.2,985.34 1 1
github.com/alexshd/lawtest/lawtest.go:985.34,987.3 1 1
github.com/alexshd/lawtest/lawtest.go:990.2,992.26 3 1
github.com/alexshd/lawtest/lawtest.go:992.26,995.3 2 0
github.com/alexshd/lawtest/lawtest.go:997.2,997.15 1 1
github.com/alexshd/lawtest/lawtest.go:997.15,1000.3 2 0
github.com/alexshd/lawtest/lawtest.go:1002.2,1003.13 2 1
github.com/alexshd/lawtest/lawtest.go:1027.110,1029.2 1 1
github.com/alexshd/lawtest/lawtest.go:1032.133,1035.20 2 1
github.com/alexshd/lawtest/lawtest.go:1035.20,1037.3 1 0
github.com/alexshd/lawtest/lawtest.go:1040.2,1040.41 1 1
github.com/alexshd/lawtest/lawtest.go:1040.41,1042.3 1 1
github.com/alexshd/lawtest/lawtest.go:1045.2,1045.41 1 1
github.com/alexshd/lawtest/lawtest.go:1045.41,1057.29 5 1
github.com/alexshd/lawtest/lawtest.go:1057.29,1059.4 1 0
github.com/alexshd/lawtest/lawtest.go:1061.3,1061.35 1 1
github.com/alexshd/lawtest/lawtest.go:1061.35,1062.14 1 1
github.com/alexshd/lawtest/lawtest.go:1062.14,1063.18 1 1
github.com/alexshd/lawtest/lawtest.go:1063.18,1063.34 1 1
github.com/alexshd/lawtest/lawtest.go:1065.5,1065.44 1 1
github.com/alexshd/lawtest/lawtest.go:1065.44,1071.6 4 1
github.com/alexshd/lawtest/lawtest.go:1076.3,1076.13 1 1
github.com/alexshd/lawtest/lawtest.go:1076.13,1077.36 1 1
github.com/alexshd/lawtest/lawtest.go:1077.36,1079.5 1 1
github.com/alexshd/lawtest/lawtest.go:1080.4,1080.18 1 1
github.com/alexshd/lawtest/lawtest.go:1084.3,1085.27 2 1
github.com/alexshd/lawtest/lawtest.go:1085.27,1086.27 1 1
github.com/alexshd/lawtest/lawtest.go:1086.27,1090.22 3 0
github.com/alexshd/lawtest/lawtest.go:1090.22,1091.11 1 0
github.com/alexshd/lawtest/lawtest.go:1096.3,1096.20 1 1
github.com/alexshd/lawtest/lawtest.go:1096.20,1098.4 1 1
github.com/alexshd/lawtest/lawtest.go:1098.9,1100.4 1 0
github.com/alexshd/lawtest/lawtest.go:1129.80,1131.2 1 1
github.com/alexshd/lawtest/lawtest.go:1134.103,1137.37 2 1
github.com/alexshd/lawtest/lawtest.go:1137.37,1148.21 5 1
github.com/alexshd/lawtest/lawtest.go:1148.21,1152.4 2 0
github.com/alexshd/lawtest/lawtest.go:1154.3,1154.21 1 1
github.com/alexshd/lawtest/lawtest.go:1154.21,1158.4 2 0
github.com/alexshd/lawtest/lawtest.go:1161.2,1161.63 1 1
